C251 COMPILER V5.60.0,  AI8051U_SPI_Isr                                                    16/03/26  17:16:12  PAGE 1   


C251 COMPILER V5.60.0, COMPILATION OF MODULE AI8051U_SPI_Isr
OBJECT MODULE PLACED IN .\OBJ_Out\AI8051U_SPI_Isr.obj
COMPILER INVOKED BY: F:\Keil_v5\C251\BIN\C251.EXE ..\Driver\isr\AI8051U_SPI_Isr.c LARGE UNSIGNED_CHAR FLOAT64 BROWSE INC
                    -DIR(..\Driver\Inc;..\LQ_LIB\Inc;..\User;..\CODE) DEFINE(AI8051U_32Bit) DEBUG PRINT(.\OBJ_Out\AI8051U_SPI_Isr.lst) TABS(2
                    -) OBJECT(.\OBJ_Out\AI8051U_SPI_Isr.obj) 

stmt  level    source

    1          /*---------------------------------------------------------------------*/
    2          /* ------------------- Web: www.STCAI.com -----------------------------*/
    3          /*---------------------------------------------------------------------*/
    4          
    5          #include  "AI8051U_SPI.h"
    6          
    7          //========================================================================
    8          //                               БОЕиБфСПЩљУї
    9          //========================================================================
   10          
   11          u8  SPI_RxCnt;
   12          
   13          //========================================================================
   14          // КЏЪ§: SPI_ISR_Handler
   15          // УшЪі: SPIжаЖЯКЏЪ§.
   16          // ВЮЪ§: none.
   17          // ЗЕЛи: none.
   18          // АцБО: V1.0, 2020-09-23
   19          //========================================================================
   20          void SPI_ISR_Handler() interrupt SPI_VECTOR
   21          {
   22   1        if(MSTR)  //жїЛњФЃЪН
   23   1        {
   24   2          B_SPI_Busy = 0;
   25   2        }
   26   1        else              //ДгЛњФЃЪН
   27   1        {
   28   2          if(SPI_RxCnt >= SPI_BUF_LENTH)    SPI_RxCnt = 0;
   29   2          SPI_RxBuffer[SPI_RxCnt++] = SPDAT;
   30   2          SPI_RxTimerOut = 5;
   31   2        }
   32   1        SPI_ClearFlag();  //Чх0 SPIFКЭWCOLБъжО
   33   1      }
   34          


Module Information          Static   Overlayable
------------------------------------------------
  code size            =        73     ------
  ecode size           =    ------     ------
  data size            =    ------     ------
  idata size           =    ------     ------
  pdata size           =    ------     ------
  xdata size           =         1     ------
  xdata-const size     =    ------     ------
  edata size           =    ------     ------
  bit size             =    ------     ------
  ebit size            =    ------     ------
  bitaddressable size  =    ------     ------
  ebitaddressable size =    ------     ------
  far data size        =    ------     ------
  huge data size       =    ------     ------
  const size           =    ------     ------
  hconst size          =    ------     ------
End of Module Information.


C251 COMPILATION COMPLETE.  0 WARNING(S),  0 ERROR(S)
