C251 COMPILER V5.60.0,  AI8051U_UART_Isr                                                   04/05/26  20:45:40  PAGE 1   


C251 COMPILER V5.60.0, COMPILATION OF MODULE AI8051U_UART_Isr
OBJECT MODULE PLACED IN .\OBJ_Out\AI8051U_UART_Isr.obj
COMPILER INVOKED BY: F:\Keil_v5\C251\BIN\C251.EXE ..\Driver\isr\AI8051U_UART_Isr.c XSMALL OA UNSIGNED_CHAR FLOAT64 BROWS
                    -E INCDIR(..\LQ_APP\Inc;..\LQ_APP\Src;..\Driver;..\Driver\Inc;..\User;..\LQ_LIB\Inc;..\User_Code;..\control;..\UserCode;.
                    -.\UserCode\APP;..\UserCode\BSP;..\UserCode\MIDDLE) DEFINE(AI8051U_32Bit) DEBUG PRINT(.\OBJ_Out\AI8051U_UART_Isr.lst) TAB
                    -S(2) OBJECT(.\OBJ_Out\AI8051U_UART_Isr.obj) 

stmt  level    source

    1          /*---------------------------------------------------------------------*/
    2          /* ------------------- Web: www.STCAI.com -----------------------------*/
    3          /*---------------------------------------------------------------------*/
    4          
    5          #include "AI8051U_UART.h"
    6          #include "include.h"
    7          bit B_ULinRX1_Flag;
    8          bit B_ULinRX2_Flag;
    9          
   10          //========================================================================
   11          // 函数: UART1_ISR_Handler
   12          // 描述: UART1中断函数.
   13          // 参数: none.
   14          // 返回: none.
   15          // 版本: V1.0, 2020-09-23
   16          //========================================================================
   17          #ifdef UART1
   18          void UART1_ISR_Handler (void) interrupt UART1_VECTOR
   19          {
   20   1        u8 Status;
   21   1      
   22   1        if(RI)
   23   1        {
   24   2          RI = 0;
   25   2      
   26   2          //--------USART LIN---------------
   27   2          Status = USARTCR5;
   28   2          if(Status & 0x02)     //if LIN header is detected
   29   2          {
   30   3            B_ULinRX1_Flag = 1;
   31   3          }
   32   2      
   33   2          if(Status & 0xc0)     //if LIN break is detected / LIN header error is detected
   34   2          {
   35   3            COM1.RX_Cnt = 0;
   36   3          }
   37   2          USARTCR5 &= ~0xcb;    //Clear flag
   38   2          //--------------------------------
   39   2      
   40   2              if(COM1.RX_Cnt >= COM_RX1_Lenth)  COM1.RX_Cnt = 0;
   41   2              RX1_Buffer[COM1.RX_Cnt++] = SBUF;
   42   2              COM1.RX_TimeOut = TimeOutSet1;
   43   2        }
   44   1      
   45   1        if(TI)
   46   1        {
   47   2          TI = 0;
   48   2      
   49   2              #if(UART_QUEUE_MODE == 1)   //判断是否使用队列模式
                   if(COM1.TX_send != COM1.TX_write)
                   {
                     SBUF = TX1_Buffer[COM1.TX_send];
                     if(++COM1.TX_send >= COM_TX1_Lenth)   COM1.TX_send = 0;
                   }
                   else  COM1.B_TX_busy = 0;
                       #else
C251 COMPILER V5.60.0,  AI8051U_UART_Isr                                                   04/05/26  20:45:40  PAGE 2   

   57   2              COM1.B_TX_busy = 0;     //使用阻塞方式发送直接清除繁忙标志
   58   2              #endif
   59   2        }
   60   1      }
   61          #endif
   62          
   63          //========================================================================
   64          // 函数: UART2_ISR_Handler
   65          // 描述: UART2中断函数.
   66          // 参数: none.
   67          // 返回: none.
   68          // 版本: V1.0, 2020-09-23
   69          //========================================================================
   70          #ifdef UART2
               void UART2_ISR_Handler (void) interrupt UART2_VECTOR
               {
                 u8 Status;
               
                 if(S2RI)
                 {
                   CLR_RI2();
               
                   //--------USART LIN---------------
                   Status = USART2CR5;
                   if(Status & 0x02)     //if LIN header is detected
                   {
                     B_ULinRX2_Flag = 1;
                   }
               
                   if(Status & 0xc0)     //if LIN break is detected / LIN header error is detected
                   {
                     COM2.RX_Cnt = 0;
                   }
                   USART2CR5 &= ~0xcb;   //Clear flag
                   //--------------------------------
               
                       if(COM2.RX_Cnt >= COM_RX2_Lenth)  COM2.RX_Cnt = 0;
                       RX2_Buffer[COM2.RX_Cnt++] = S2BUF;
                       COM2.RX_TimeOut = TimeOutSet2;
                 }
               
                 if(S2TI)
                 {
                   CLR_TI2();
               
                       #if(UART_QUEUE_MODE == 1)   //判断是否使用队列模式
                   if(COM2.TX_send != COM2.TX_write)
                   {
                     S2BUF = TX2_Buffer[COM2.TX_send];
                     if(++COM2.TX_send >= COM_TX2_Lenth)   COM2.TX_send = 0;
                   }
                   else  COM2.B_TX_busy = 0;
                       #else
                       COM2.B_TX_busy = 0;     //使用阻塞方式发送直接清除繁忙标志
                       #endif
                 }
               }
               #endif
  115          
  116          //========================================================================
  117          // 函数: UART3_ISR_Handler
  118          // 描述: UART3中断函数.
  119          // 参数: none.
  120          // 返回: none.
  121          // 版本: V1.0, 2020-09-23
  122          //========================================================================
C251 COMPILER V5.60.0,  AI8051U_UART_Isr                                                   04/05/26  20:45:40  PAGE 3   

  123          #ifdef UART3
  124          
  125          #if (1 == ENABLE_SBUS)
  126          
  127          #include "LQ_SBUS.h"
  128          unsigned char sbuff;  //SBUS缓冲
  129          unsigned char num3;
  130          extern unsigned char SReadBuff[64];
  131          #endif
  132          void UART3_ISR_Handler (void) interrupt UART3_VECTOR
  133          {
  134   1        if(S3RI)
  135   1        {
  136   2          CLR_RI3();
  137   2      
  138   2              if(COM3.RX_Cnt >= COM_RX3_Lenth)  COM3.RX_Cnt = 0;
  139   2      //        RX3_Buffer[COM3.RX_Cnt++] = S3BUF;
  140   2      #if (1 == ENABLE_SBUS)
  141   2              /* SBUS START 用户代码 */
  142   2              sbuff = (u8)S3BUF;
  143   2              if(sbus_Rec_Fini_Flag == 1)       //可以接收
  144   2              {
  145   3                  if (num3 == 0 && sbuff == 0x0F)   //帧头
  146   3                  {
  147   4                      SReadBuff[num3] = sbuff;
  148   4                      num3++;
  149   4                  }
  150   3                  else if(num3 != 0)
  151   3                  {
  152   4      //                LED_Ctrl(LED0, RVS);        // LED闪烁 指示程序运行状态
  153   4                      SReadBuff[num3] = sbuff;
  154   4                      num3++;
  155   4                      if (num3 > 24)              //接收数据超过24，表示一帧接收完成
  156   4                      {
  157   5                          sbus_Rec_Fini_Flag = 0;   //停止接收
  158   5      
  159   5                          if (SReadBuff[0] == 0x0F && SReadBuff[24] == 0x00 && num3 == 25)    //接受完一帧数据
  160   5                          {
  161   6                              UpDate_SBUS();      //数据解析
  162   6      //                        LED_Ctrl(LED0, RVS);
  163   6                          }
  164   5                          num3 = 0;               //清空
  165   5                      }
  166   4      
  167   4                  }
  168   3              }
  169   2              /* SBUS END*/
  170   2        #endif
  171   2              COM3.RX_TimeOut = TimeOutSet3;
  172   2        }
  173   1      
  174   1        if(S3TI)
  175   1        {
  176   2          CLR_TI3();
  177   2      
  178   2              #if(UART_QUEUE_MODE == 1)   //判断是否使用队列模式
                   if(COM3.TX_send != COM3.TX_write)
                   {
                     S3BUF = TX3_Buffer[COM3.TX_send];
                     if(++COM3.TX_send >= COM_TX3_Lenth)   COM3.TX_send = 0;
                   }
                   else  COM3.B_TX_busy = 0;
                       #else
  186   2              COM3.B_TX_busy = 0;     //使用阻塞方式发送直接清除繁忙标志
  187   2              #endif
  188   2        }
C251 COMPILER V5.60.0,  AI8051U_UART_Isr                                                   04/05/26  20:45:40  PAGE 4   

  189   1      }
  190          #endif
  191          
  192          //========================================================================
  193          // 函数: UART4_ISR_Handler
  194          // 描述: UART4中断函数.
  195          // 参数: none.
  196          // 返回: none.
  197          // 版本: V1.0, 2020-09-23
  198          //========================================================================
  199          #ifdef UART4
  200          
  201          #if (1 == ENABLE_GPS)
               #include "LQ_BDGPS.h"       //北斗数据接收，简单处理 Save_Data在 LQ_BDGPS.c开头定义
               unsigned char GPS_buf;    //接收数据缓字符缓存
               unsigned char GPS_ReadBuff[128];
               #endif
  206          void UART4_ISR_Handler (void) interrupt UART4_VECTOR
  207          {
  208   1        if(S4RI)
  209   1        {
  210   2              static u8 num1;
  211   2          CLR_RI4();
  212   2      
  213   2              if(COM4.RX_Cnt >= COM_RX4_Lenth)  COM4.RX_Cnt = 0;
  214   2      //        RX4_Buffer[COM4.RX_Cnt++] = S4BUF;
  215   2      #if (1 == ENABLE_GPS)
                       /* GPS_BD串口接收部分start */
               
                       GPS_buf = (u8)S4BUF;
                       if(GPS_buf == '\n' || GPS_buf == '\r')   //完成一帧数据接收
                       {
                           strcpy((char*)Save_Data.GPS_Buffer,(const char*)GPS_ReadBuff);
                           Save_Data.isGetData=1;
                           num1 = 0;
               //            LED_Ctrl(LED1,RVS);// LED翻转闪烁
                       }
                       else
                       {
               //            LED_Ctrl(LED0,RVS);// LED翻转闪烁
                           GPS_ReadBuff[num1++] = GPS_buf;
                       }
                       /* GPS_BD串口接收部分end */
               #endif
  233   2              COM4.RX_TimeOut = TimeOutSet4;
  234   2        }
  235   1      
  236   1        if(S4TI)
  237   1        {
  238   2          CLR_TI4();
  239   2      
  240   2              #if(UART_QUEUE_MODE == 1)   //判断是否使用队列模式
                   if(COM4.TX_send != COM4.TX_write)
                   {
                     S4BUF = TX4_Buffer[COM4.TX_send];
                     if(++COM4.TX_send >= COM_TX4_Lenth)   COM4.TX_send = 0;
                   }
                   else  COM4.B_TX_busy = 0;
                       #else
  248   2              COM4.B_TX_busy = 0;     //使用阻塞方式发送直接清除繁忙标志
  249   2              #endif
  250   2        }
  251   1      }
  252          #endif


C251 COMPILER V5.60.0,  AI8051U_UART_Isr                                                   04/05/26  20:45:40  PAGE 5   

Module Information          Static   Overlayable
------------------------------------------------
  code size            =       398     ------
  ecode size           =    ------     ------
  data size            =    ------     ------
  idata size           =    ------     ------
  pdata size           =    ------     ------
  xdata size           =    ------     ------
  xdata-const size     =    ------     ------
  edata size           =         3     ------
  bit size             =         2     ------
  ebit size            =    ------     ------
  bitaddressable size  =    ------     ------
  ebitaddressable size =    ------     ------
  far data size        =    ------     ------
  huge data size       =    ------     ------
  const size           =    ------     ------
  hconst size          =    ------     ------
End of Module Information.


C251 COMPILATION COMPLETE.  0 WARNING(S),  0 ERROR(S)
