C251 COMPILER V5.60.0,  AI8051U_ADC                                                        04/05/26  16:38:08  PAGE 1   


C251 COMPILER V5.60.0, COMPILATION OF MODULE AI8051U_ADC
OBJECT MODULE PLACED IN .\OBJ_Out\AI8051U_ADC.obj
COMPILER INVOKED BY: F:\Keil_v5\C251\BIN\C251.EXE ..\Driver\Src\AI8051U_ADC.c XSMALL OA UNSIGNED_CHAR FLOAT64 BROWSE INC
                    -DIR(..\LQ_APP\Inc;..\LQ_APP\Src;..\Driver;..\Driver\Inc;..\User;..\LQ_LIB\Inc;..\User_Code;..\control;..\UserCode;..\Use
                    -rCode\APP;..\UserCode\BSP;..\UserCode\MIDDLE) DEFINE(AI8051U_32Bit) DEBUG PRINT(.\OBJ_Out\AI8051U_ADC.lst) TABS(2) OBJEC
                    -T(.\OBJ_Out\AI8051U_ADC.obj) 

stmt  level    source

    1          /*---------------------------------------------------------------------*/
    2          /* ------------------- Web: www.STCAI.com -----------------------------*/
    3          /*---------------------------------------------------------------------*/
    4          #include "AI8051U_ADC.h"
    5          
    6          
    7          
    8          /***********************************************************************************
    9           * 函 数 名：void ADC_GPIO_Init(ADC_CHx CHn_IOx)
   10           * 功    能：ADC管脚初始化,模拟输入模式,高阻浮空
   11           * 参    数：无
   12           * 返 回 值：无
   13           * 说    明：    //ADC 端口IO配置，详见ADC_CHx
   14           *          eg:ADC_GPIO_Init(ADC_CH0_P10); //配置ADC0输入端为P10口
   15           **********************************************************************************/
   16          void ADC_GPIO_Init(ADC_CHx CHn_IOx)
   17          {
   18   1          if (CHn_IOx < ADC_CH0_P10 || CHn_IOx > ADC_CH15_P07)        return; // 输入参数错误
   19   1          if (CHn_IOx <= ADC_CH7_P17)
   20   1          {
   21   2              GPIO_Init(GPIO_P1, ((u8)(1 << CHn_IOx)), GPIO_Mode_IN_FLOATING);     // 模拟输入模式,高阻浮空
   22   2          }
   23   1          else if (CHn_IOx <= ADC_CH15_P07)
   24   1          {
   25   2              GPIO_Init(GPIO_P0, ((u8)(1 << (CHn_IOx - 8))), GPIO_Mode_IN_FLOATING); // 模拟输入模式,高阻浮空
   26   2          }
   27   1      }
   28          //========================================================================
   29          // 函数: u8 ADC_Inilize(ADC_InitTypeDef *ADCx)
   30          // 描述: ADC初始化程序.
   31          // 参数: ADCx: 结构参数,请参考adc.h里的定义.
   32          // 返回: none.
   33          // 版本: V1.0, 2012-10-22
   34          //========================================================================
   35          u8 ADC_Inilize(ADC_InitTypeDef *ADCx)
   36          {
   37   1        ADCCFG = (ADCCFG & ~ADC_SPEED_2X16T) | ADCx->ADC_Speed; // 设置ADC工作时钟频率
   38   1        ADC_Justify(ADCx->ADC_AdjResult);           // AD转换结果对齐方式
   39   1      
   40   1        if (ADCx->ADC_SMPduty > 31)
   41   1          return FAIL; // 错误
   42   1        if (ADCx->ADC_CsSetup > 1)
   43   1          return FAIL; // 错误
   44   1        if (ADCx->ADC_CsHold > 3)
   45   1          return FAIL; // 错误
   46   1      
   47   1        ADCTIM = (ADCx->ADC_CsSetup << 7) | (ADCx->ADC_CsHold << 5) | ADCx->ADC_SMPduty; // 设置 ADC 内部时序，A
             -DC采样时间建议设最大值
   48   1        return SUCCESS;
   49   1      }
   50          
   51          //========================================================================
   52          // 函数: void ADC_PowerControl(u8 pwr)
   53          // 描述: ADC电源控制程序.
   54          // 参数: pwr: 电源控制,ENABLE或DISABLE.
   55          // 返回: none.
C251 COMPILER V5.60.0,  AI8051U_ADC                                                        04/05/26  16:38:08  PAGE 2   

   56          // 版本: V1.0, 2012-10-22
   57          //========================================================================
   58          void ADC_PowerControl(u8 pwr)
   59          {
   60   1        if (pwr == ENABLE)
   61   1          ADC_POWER = 1;
   62   1        else
   63   1          ADC_POWER = 0;
   64   1      }
   65          
   66          //========================================================================
   67          // 函数: u16 Get_ADCResult(ADC_CHx channel)
   68          // 描述: 查询法读一次ADC转换结果.
   69          // 参数: channel: 选择要转换的ADC通道.0-15
   70          // 返回: ADC转换结果.
   71          // 版本: V1.0, 2012-10-22
   72          //========================================================================
   73          u16 Get_ADCResult(ADC_CHx channel)
   74          {
   75   1        u16 adc;
   76   1        u8 i;
   77   1      
   78   1        if (channel > ADC_CH15_P07)
   79   1          return 4096; // 错误,返回4096,调用的程序判断
   80   1        ADC_RES = 0;
   81   1        ADC_RESL = 0;
   82   1      
   83   1        ADC_CONTR = (ADC_CONTR & 0xf0) | channel; // 设置ADC转换通道
   84   1        ADC_START = 1;                // 启动ADC转换
   85   1        NOP(10);                  // 对ADC_CONTR操作后要4T之后才能访问
   86   1      
   87   1        for (i = 0; i < 250; i++) // 超时返回，正常i等于10以内就可以转换完成
   88   1        {
   89   2          if (ADC_FLAG)
   90   2          {
   91   3            ADC_FLAG = 0; // 清除ADC转换结束标志
   92   3            if (RESFMT)   // 转换结果右对齐。
   93   3            {
   94   4              adc = ((u16)ADC_RES << 8) | ADC_RESL;
   95   4            }
   96   3            else // 转换结果左对齐。
   97   3            {
   98   4              adc = (u16)ADC_RES;
   99   4              adc = (adc << 4) | ((ADC_RESL >> 4) & 0x0f);
  100   4            }
  101   3            return adc;
  102   3          }
  103   2        }
  104   1        return 4096; // 错误,返回4096,调用的程序判断
  105   1      }


Module Information          Static   Overlayable
------------------------------------------------
  code size            =       332     ------
  ecode size           =    ------     ------
  data size            =    ------     ------
  idata size           =    ------     ------
  pdata size           =    ------     ------
  xdata size           =    ------     ------
  xdata-const size     =    ------     ------
  edata size           =    ------     ------
  bit size             =    ------     ------
  ebit size            =    ------     ------
  bitaddressable size  =    ------     ------
  ebitaddressable size =    ------     ------
  far data size        =    ------     ------
C251 COMPILER V5.60.0,  AI8051U_ADC                                                        04/05/26  16:38:08  PAGE 3   

  huge data size       =    ------     ------
  const size           =    ------     ------
  hconst size          =    ------     ------
End of Module Information.


C251 COMPILATION COMPLETE.  0 WARNING(S),  0 ERROR(S)
