C251 COMPILER V5.60.0,  AI8051U_Exti_Isr                                                   16/04/26  19:10:21  PAGE 1   


C251 COMPILER V5.60.0, COMPILATION OF MODULE AI8051U_Exti_Isr
OBJECT MODULE PLACED IN .\OBJ_Out\AI8051U_Exti_Isr.obj
COMPILER INVOKED BY: F:\Keil_v5\C251\BIN\C251.EXE ..\Driver\isr\AI8051U_Exti_Isr.c XSMALL OA UNSIGNED_CHAR FLOAT64 BROWS
                    -E INCDIR(..\LQ_APP\Inc;..\LQ_APP\Src;..\Driver;..\Driver\Inc;..\User;..\LQ_LIB\Inc;..\User_Code;..\control) DEFINE(AI805
                    -1U_32Bit) DEBUG PRINT(.\OBJ_Out\AI8051U_Exti_Isr.lst) TABS(2) OBJECT(.\OBJ_Out\AI8051U_Exti_Isr.obj) 

stmt  level    source

    1          /*---------------------------------------------------------------------*/
    2          /* ------------------- Web: www.STCAI.com -----------------------------*/
    3          /*---------------------------------------------------------------------*/
    4          
    5          #include  "AI8051U_Exti.h"
    6          
    7          #include "include.h"
    8          //========================================================================
    9          //                               本地变量声明
   10          //========================================================================
   11          
   12          // u8 WakeUpSource;
   13          //========================================================================
   14          // 函数: INT0_ISR_Handler
   15          // 描述: INT0中断函数.  管脚 P3.2
   16          // 参数: none.
   17          // 返回: none.
   18          // 版本: V1.0, 2020-09-23
   19          //========================================================================
   20          void INT0_ISR_Handler (void) interrupt INT0_VECTOR    //进中断时已经清除标志
   21          {
   22   1        // TODO: 在此处添加用户代码
   23   1      //  LED_Ctrl(LED0,RVS);
   24   1      }
   25          
   26          //========================================================================
   27          // 函数: INT1_ISR_Handler
   28          // 描述: INT1中断函数.  管脚 P3.3
   29          // 参数: none.
   30          // 返回: none.
   31          // 版本: V1.0, 2020-09-23
   32          //========================================================================
   33          void INT1_ISR_Handler (void) interrupt INT1_VECTOR    //进中断时已经清除标志
   34          {
   35   1        // TODO: 在此处添加用户代码
   36   1      //  LED_Ctrl(LED0,RVS);
   37   1      //#ifdef USE_LCD
   38   1      //    LCD_ShowStr_24(0,3,"P3.3INT-->LED0 ",YELLOW,LIGHTBLUE);            //显示24*12字符串  
   39   1      //#else
   40   1      //    OLED_P6x8Str(5,3, "P3.3INT-->LED0");    LCD_CLS(BLACK);
   41   1      //#endif
   42   1       
   43   1      }
   44          
   45          //========================================================================
   46          // 函数: INT2_ISR_Handler
   47          // 描述: INT2中断函数. 管脚P3.3
   48          // 参数: none.
   49          // 返回: none.
   50          // 版本: V1.0, 2020-09-23
   51          //========================================================================
   52          void INT2_ISR_Handler (void) interrupt INT2_VECTOR    //进中断时已经清除标志
   53          {
   54   1        // TODO: 在此处添加用户代码
   55   1      //  LED_Ctrl(LED0,RVS);
   56   1      }
   57          
C251 COMPILER V5.60.0,  AI8051U_Exti_Isr                                                   16/04/26  19:10:21  PAGE 2   

   58          //========================================================================
   59          // 函数: INT3_ISR_Handler
   60          // 描述: INT3中断函数. 管脚P3.7
   61          // 参数: none.
   62          // 返回: none.
   63          // 版本: V1.0, 2020-09-23
   64          //========================================================================
   65          void INT3_ISR_Handler (void) interrupt INT3_VECTOR    //进中断时已经清除标志
   66          {
   67   1        // TODO: 在此处添加用户代码
   68   1      //  LED_Ctrl(LED0,RVS);
   69   1      }
   70          
   71          //========================================================================
   72          // 函数: INT4_ISR_Handler
   73          // 描述: INT4中断函数. 管脚P3.0
   74          // 参数: none.
   75          // 返回: none.
   76          // 版本: V1.0, 2020-09-23
   77          //========================================================================
   78          void INT4_ISR_Handler (void) interrupt INT4_VECTOR    //进中断时已经清除标志
   79          {
   80   1        // TODO: 在此处添加用户代码
   81   1      //  LED_Ctrl(LED0,RVS);
   82   1      //    OLED_P6x8Str(5,3, " EXINT ->P3.0");
   83   1      }


Module Information          Static   Overlayable
------------------------------------------------
  code size            =        20     ------
  ecode size           =    ------     ------
  data size            =    ------     ------
  idata size           =    ------     ------
  pdata size           =    ------     ------
  xdata size           =    ------     ------
  xdata-const size     =    ------     ------
  edata size           =    ------     ------
  bit size             =    ------     ------
  ebit size            =    ------     ------
  bitaddressable size  =    ------     ------
  ebitaddressable size =    ------     ------
  far data size        =    ------     ------
  huge data size       =    ------     ------
  const size           =    ------     ------
  hconst size          =    ------     ------
End of Module Information.


C251 COMPILATION COMPLETE.  0 WARNING(S),  0 ERROR(S)
