C251 COMPILER V5.60.0,  control                                                            23/04/26  21:57:25  PAGE 1   


C251 COMPILER V5.60.0, COMPILATION OF MODULE control
OBJECT MODULE PLACED IN .\OBJ_Out\control.obj
COMPILER INVOKED BY: F:\Keil_v5\C251\BIN\C251.EXE ..\User_Code\control.c XSMALL OA UNSIGNED_CHAR FLOAT64 BROWSE INCDIR(.
                    -.\LQ_APP\Inc;..\LQ_APP\Src;..\Driver;..\Driver\Inc;..\User;..\LQ_LIB\Inc;..\User_Code;..\control) DEFINE(AI8051U_32Bit) 
                    -DEBUG PRINT(.\OBJ_Out\control.lst) TABS(2) OBJECT(.\OBJ_Out\control.obj) 

stmt  level    source

    1          #include "control.h"
    2          
    3          int16 ax, ay, az;  //LSM6读加速度
    4          int16 gx,gy, gz;  //LSM6读角速度
    5          double Gyroz;  //偏航角速度
    6          double Angle_gyro_z;  //积分角度
    7          int L,L2,M,R2,R;
    8          double left_1,left_2,AM,right_1,right_2;  //归一化后的电感值
    9          double eleValue, eleSub, eleAdd;  // 差比和
   10          double elemid = 0;          // 转向环目标位置偏差
   11          double eleout = 0;          // 转向环输出值
   12          double encoder_L,encoder_R;  //左右轮编码器数据
   13          double LEFT_MOTOR_Duty, RIGHT_MOTOR_Duty;       // 左右电机占空比
   14          PID Left_MOTOR_PID, Right_MOTOR_PID, Turn_PID_ele;  // 三个结构体变量
   15          
   16          unsigned char run = 0;  // 电机启停标志位
   17          
   18          double Turn_ele[2] = {0.65,1.88};
   19          double Left_MOTOR[3] = {9,3.5, 0};   // 左轮速度环 PID 参数
   20          double Right_MOTOR[3] = {9, 3.5, 0};  // 右轮速度环 PID 参数
   21          double Left_High_Speed, Right_High_Speed, High_Speed; // 左右轮目标速度、基础目标速度
   22          double battery_voltage;
   23          int ben_flg = 0;
   24          double Angle;
   25          /**
   26           * @brief 函数：获取电感值
   27           */
   28          void Get_Inductance()
   29          {
   30   1        L = Get_ADCResult(5);  //左横
   31   1        L2 = Get_ADCResult(1); //左竖
   32   1        M = Get_ADCResult(2);  //中间
   33   1        R2 = Get_ADCResult(4);  //右竖
   34   1        R = Get_ADCResult(3);  //右横
   35   1      }
   36          
   37          /**
   38           * @brief 方向环控制函数，算出最终左右轮目标速度
   39           */
   40          void Dir_Control()
   41          {
   42   1        
   43   1      //  if(L < 15 && R < 15 && L2 < 15 && R2 < 15) run = 0;
   44   1      //  else run = 1;
   45   1      //  
   46   1      //  if(run == 1)
   47   1      //  {
   48   1      //    if(eleout > 60)
   49   1      //    High_Speed = 30;
   50   1      //    else if(eleout > 30)
   51   1      //    High_Speed = 40;
   52   1      //    else if(eleout > 10)
   53   1      //    High_Speed = 50;
   54   1      //    else
   55   1      //    High_Speed = 60;  
   56   1      //    High_Speed = 30;
   57   1      //  }
C251 COMPILER V5.60.0,  control                                                            23/04/26  21:57:25  PAGE 2   

   58   1      //  else
   59   1      //  {
   60   1      //    High_Speed = 0;
   61   1      //    Left_High_Speed = 0;
   62   1      //    Right_High_Speed = 0;
   63   1      //  }
   64   1        
   65   1        Get_Inductance();
   66   1        
   67   1        LSM6DSR_Read_Data(&ax,&ay,&az,&gx,&gy,&gz);
   68   1      //  lsm6dsr_read_raw_data(&ax,&ay,&az,&gx,&gy,&gz);
   69   1      //  
   70   1        eleSub = (double)(L - R + L2 - R2);
   71   1        eleAdd = (double)(L + R + L2 + R2 + M + 10);
   72   1        eleValue = range_protect(eleSub/eleAdd * 100.0f,-100.0,100.0);
   73   1        
   74   1      //  Angle_calculate();
   75   1      //  
   76   1      //  if(ben_flg == 0)
   77   1      //  {
   78   1           eleout = PlacePID_Control(&Turn_PID_ele,eleValue,elemid,Turn_ele);
   79   1      //  }
   80   1      //  
   81   1          eleout = range_protect(eleout,-85,85);
   82   1        
   83   1        
   84   1      //    if(eleout <= 0)  // 需要左转
   85   1      //    {
   86   1      //      Angle = (-eleout);
   87   1      //      Left_High_Speed = High_Speed  - Angle*0.65 +gz*0.001;  //0.001
   88   1      //      Right_High_Speed = High_Speed + Angle*0.55*0.7 -gz*0.001;  // 外轮加得少一点
   89   1      //    }
   90   1      //    else  // 需要右转
   91   1      //    {
   92   1      //      Angle = (eleout) ;
   93   1      //      Left_High_Speed = High_Speed  + Angle*0.55*0.7-gz*0.001;  // 外轮加得少一点
   94   1      //      Right_High_Speed = High_Speed  - Angle*0.65+gz*0.0015;
   95   1      //    }
   96   1          High_Speed = 30;  //test
   97   1          Calculate_Differential_Drive();
   98   1        
   99   1      }
  100          
  101          void Motor_Control()
  102          {
  103   1        encoder_L = Read_Encoder(1);  
  104   1        encoder_R = -1 * Read_Encoder(2); 
  105   1      
  106   1        
  107   1        // 下面有 A、B 两种占空比赋值方式，A 用于测试电机左右和正反转是否对应，B 可实现速度闭环
  108   1        
  109   1        // A：人为给定占空比，用于测试：①左右轮不要搞反  ②正反转不要搞反
  110   1      //  LEFT_MOTOR_Duty = 2000;   // 2000 效果：左轮正转，速度较快
  111   1      //  RIGHT_MOTOR_Duty = -1200; //  -1200 效果：右轮反转，速度较慢
  112   1        
  113   1        // B：闭环计算占空比，在确认编码器和电机对应无误后，可实现闭环
  114   1        LEFT_MOTOR_Duty += PID_Realize(&Left_MOTOR_PID, encoder_L, Left_High_Speed, Left_MOTOR);
  115   1        RIGHT_MOTOR_Duty += PID_Realize(&Right_MOTOR_PID, encoder_R, Right_High_Speed, Right_MOTOR);
  116   1        
  117   1        if(LEFT_MOTOR_Duty>0)
  118   1        {
  119   2            LEFT_MOTOR_Duty = range_protect(LEFT_MOTOR_Duty, 0, MOTOR_MAX);
  120   2        }
  121   1        else
  122   1        {
  123   2            LEFT_MOTOR_Duty = range_protect(LEFT_MOTOR_Duty, -MOTOR_MAX, 0);
C251 COMPILER V5.60.0,  control                                                            23/04/26  21:57:25  PAGE 3   

  124   2        }
  125   1      
  126   1        if(RIGHT_MOTOR_Duty>0)
  127   1        {
  128   2            RIGHT_MOTOR_Duty = range_protect(RIGHT_MOTOR_Duty, 0, MOTOR_MAX);
  129   2        }
  130   1        else
  131   1        {
  132   2            RIGHT_MOTOR_Duty = range_protect(RIGHT_MOTOR_Duty, -MOTOR_MAX, 0);
  133   2        }
  134   1        Motor_Ctrl(-1*(int16)RIGHT_MOTOR_Duty, (int16)LEFT_MOTOR_Duty);  //正负号需要自己确定
  135   1      }
  136          
  137          /**
  138           * @brief 综合控制函数，在中断中调用
  139           */
  140          
  141          void Ultima_Control()
  142          {
  143   1      
  144   1        Dir_Control();  // 转向控制
  145   1      //  Motor_Control();  //电机控制
  146   1      
  147   1      }
  148          
  149          double range_protect(double duty, double min, double max)
  150          {
  151   1          return duty >= max ? max : (duty <= min ? min : duty);
  152   1      }
  153          
  154          /**
  155           * @brief 位置式 PID（用于转向控制）
  156           */
  157          double PlacePID_Control(PID*sptr, double NowPiont, double SetPoint, double *Turn_PID)
  158          {
  159   1        double Output;  // 本次输出
  160   1        
  161   1        sptr->KP = *Turn_PID;  // 参数赋值
  162   1        sptr->KD = *(Turn_PID+1);
  163   1        
  164   1        sptr->iError = SetPoint - NowPiont;  // 当前误差 = 目标值 - 实际值
  165   1        
  166   1        Output = sptr->KP * sptr->iError  // 比例项
  167   1             + sptr->KD * (sptr->iError - sptr->LastError);  // 微分项
  168   1        
  169   1        sptr->LastError = sptr->iError;  // 更新误差
  170   1        
  171   1        return Output;
  172   1      }
  173          
  174          /**
  175           * @brief 增量式 PID（用于左右轮电机闭环控制）
  176           */
  177          double PID_Realize(PID* sptr, double ActualSpeed, double SetSpeed, double *MOTOR_PID)
  178          {
  179   1          double Increase;        // 单次PID输出
  180   1      //    double iTermLimited;    // 限幅后的积分项
  181   1      
  182   1          // 参数赋值
  183   1          sptr->KP = *MOTOR_PID;
  184   1          sptr->KI = *(MOTOR_PID + 1);
  185   1          sptr->KD = *(MOTOR_PID + 2);
  186   1      
  187   1          // 计算当前误差
  188   1          sptr->iError = SetSpeed - ActualSpeed;
  189   1      
C251 COMPILER V5.60.0,  control                                                            23/04/26  21:57:25  PAGE 4   

  190   1          // 积分项限幅：限制 KI * iError 在 [-900, +900]
  191   1      //    iTermLimited = sptr->KI * sptr->iError;
  192   1      //    if (iTermLimited > 1000) iTermLimited = 1000;
  193   1      //    else if (iTermLimited < -1000) iTermLimited = -1000;
  194   1      
  195   1          // PID增量计算
  196   1          Increase = sptr->KP * (sptr->iError - sptr->LastError)
  197   1                   + sptr->KI * sptr->iError;
  198   1                   + sptr->KD * (sptr->iError - 2 * sptr->LastError + sptr->PrevError);
*** WARNING C138 IN LINE 198 OF ..\User_Code\control.c: expression with possibly no effect
  199   1      
  200   1          // 更新误差
  201   1          sptr->PrevError = sptr->LastError;
  202   1          sptr->LastError = sptr->iError;
  203   1      
  204   1          return Increase;
  205   1      }
  206          
  207          
  208          void Angle_calculate()  //gz 是int16 有符号整形，范围是-32768 - 32768（开区间） 因此此处是错的
  209          {     
  210   1          Gyroz=(double)gz;
  211   1          if(Gyroz<32768)Gyroz = - (Gyroz / 16.4);
  212   1          if(Gyroz>=32768)Gyroz = + (65535 - Gyroz) / 16.4;
  213   1       
  214   1          Angle_gyro_z += Gyroz * 0.002;  // 根据中断周期进行微调
  215   1      }
  216          /**
  217          * @brief 归一化函数，将输入值映射到 1 ~ 100 范围
  218          * @param value 输入初始电感值（此时为整型）
  219          * @return double 归一化后的值（1 ~ 100）
  220          */
  221          double Adc_Normalize(int value, double min, double max)
  222          {
  223   1          double normalized = 0;
  224   1          // 计算归一化值
  225   1          normalized = (double)(value - min) / (max - min) * 100.0f;
  226   1          // 限幅保护，确保返回值在 1 ~ 100 范围内
  227   1          normalized = range_protect(normalized, 1.0, 100.0);
  228   1          return normalized;
  229   1      }
  230          void Calculate_Differential_Drive() // 差速计算
  231          {
  232   1        float k = 0; // 差速比例系数
  233   1        k = eleout * 0.01; // 将 -100 ~ 100 缩放成 -1 ~ 1
  234   1        k = range_protect(k, -0.65, 0.65); // 限制到 -0.65 ~ 0.65，实现差速限幅
  235   1        // 计算左右轮目标速度
  236   1        if(k < 0) // 左转
  237   1        {
  238   2          k *= -1;
  239   2          Left_High_Speed = High_Speed * (1 - k);
  240   2          Right_High_Speed= High_Speed * (1 + k*0.2); // 加少减多
  241   2        }
  242   1        else // 右转
  243   1        {
  244   2          Left_High_Speed = High_Speed * (1 + k*0.2); // 加少减多
  245   2          Right_High_Speed= High_Speed * (1 - k);
  246   2        }
  247   1      }
  248          void ADC_Display()
  249          {
  250   1        /*以下显示归一化后电感值*/
  251   1              char txt[20];
  252   1      //        sprintf(txt, "ADV:%05d ", Get_ADCResult(ADC_CH10_P02)); // ADC_CH8-P00做电源电压 11.0V->1700左右，1
             -2.6V->1970左右
  253   1      //        LCD_ShowStr_16(0,1,txt,u16_RED_IPS,u16_BLACK);         // 显示电源电压值
C251 COMPILER V5.60.0,  control                                                            23/04/26  21:57:25  PAGE 5   

  254   1      //        sprintf(txt, "AL1:%d L1:%05d",(int)left_1,L); // ADC5-P15
  255   1      //        LCD_ShowStr_16(0,2,txt,u16_RED_IPS,u16_BLACK); 
  256   1      //        sprintf(txt, "AL2:%d L2:%05d",(int)left_2,L2); // ADC1P11
  257   1      //        LCD_ShowStr_16(0,3,txt,u16_RED_IPS,u16_BLACK);      
  258   1      //        sprintf(txt, "AM:%d M:%05d",(int)AM,M); // ADC2-P12
  259   1      //        LCD_ShowStr_16(0,4,txt,u16_RED_IPS,u16_BLACK);                     // 显示通道5的ADC值
  260   1      //        sprintf(txt, "AR2:%d R2:%05d",(int)right_2,R2); // ADC4-P14
  261   1      //        LCD_ShowStr_16(0,5,txt,u16_RED_IPS,u16_BLACK);                    // 显示通道7的ADC值
  262   1      //        sprintf(txt, "AR1:%d R1:%05d",(int)right_1,R); // ADC3-P13
  263   1      //        LCD_ShowStr_16(0,6,txt,u16_RED_IPS,u16_BLACK);                              // 显示通道7的ADC值
  264   1        
  265   1              sprintf(txt, "L1:%05d ", L); // ADC5-P15
  266   1              LCD_ShowStr_16(0,2,txt,u16_RED_IPS,u16_BLACK); 
  267   1              sprintf(txt, "L2:%05d ", L2); // ADC1P11
  268   1              LCD_ShowStr_16(0,3,txt,u16_RED_IPS,u16_BLACK);      
  269   1              sprintf(txt, "M:%05d ", M); // ADC2-P12
  270   1              LCD_ShowStr_16(0,4,txt,u16_RED_IPS,u16_BLACK);                     // 显示通道5的ADC值
  271   1              sprintf(txt, "R2:%05d ", R2); // ADC3-P13
  272   1              LCD_ShowStr_16(0,5,txt,u16_RED_IPS,u16_BLACK);                    // 显示通道7的ADC值
  273   1              sprintf(txt, "R1:%05d ", R); // ADC4-P14
  274   1              LCD_ShowStr_16(0,6,txt,u16_RED_IPS,u16_BLACK);
  275   1              sprintf(txt,"eV:%03d eo:%03d",(int)eleValue,(int)eleout);
  276   1              LCD_ShowStr_16(0,7,txt,u16_RED_IPS,u16_BLACK);
  277   1              sprintf(txt,"left_v:%d right_v:%d",(int)Left_High_Speed,(int)Right_High_Speed);
  278   1      //        sprintf(txt,"gz:%05d",gz);
  279   1              LCD_ShowStr_16(0,1,txt,u16_RED_IPS,u16_BLACK);
  280   1        
  281   1      }


Module Information          Static   Overlayable
------------------------------------------------
  code size            =      2264     ------
  ecode size           =    ------     ------
  data size            =    ------     ------
  idata size           =    ------     ------
  pdata size           =    ------     ------
  xdata size           =    ------     ------
  xdata-const size     =    ------     ------
  edata size           =       401         92
  bit size             =    ------     ------
  ebit size            =    ------     ------
  bitaddressable size  =    ------     ------
  ebitaddressable size =    ------     ------
  far data size        =    ------     ------
  huge data size       =    ------     ------
  const size           =    ------     ------
  hconst size          =       192     ------
End of Module Information.


C251 COMPILATION COMPLETE.  1 WARNING(S),  0 ERROR(S)
