C251 COMPILER V5.60.0,  lcd                                                                04/05/26  16:44:52  PAGE 1   


C251 COMPILER V5.60.0, COMPILATION OF MODULE lcd
OBJECT MODULE PLACED IN .\OBJ_Out\lcd.obj
COMPILER INVOKED BY: F:\Keil_v5\C251\BIN\C251.EXE ..\UserCode\MIDDLE\lcd.c XSMALL OA UNSIGNED_CHAR FLOAT64 BROWSE INCDIR
                    -(..\LQ_APP\Inc;..\LQ_APP\Src;..\Driver;..\Driver\Inc;..\User;..\LQ_LIB\Inc;..\User_Code;..\control;..\UserCode;..\UserCo
                    -de\APP;..\UserCode\BSP;..\UserCode\MIDDLE) DEFINE(AI8051U_32Bit) DEBUG PRINT(.\OBJ_Out\lcd.lst) TABS(2) OBJECT(.\OBJ_Out
                    -\lcd.obj) 

stmt  level    source

    1          #include "lcd.h"
    2          #include "inductance.h"
    3          
    4          char txt[30];
    5          int *inductance_values; // 用于存储电感值的全局变量
    6          
    7          /**
    8           * @brief 显示电磁传感器数据
    9           * 显示归一化后的五个电感值
   10           * @param values 电感值数组 [L1, L2, M, R1, R2]
   11           */
   12          void Lcd_Display(void)
   13          {
   14   1          inductance_values = GetInductance(); // 将只读电感值赋值给局部变量
   15   1      
   16   1          sprintf(txt, "L1:%03d ", inductance_values[0]);
   17   1          LCD_ShowStr_16(0, 2, txt, u16_RED_IPS, u16_BLACK);
   18   1          
   19   1          sprintf(txt, "L2:%03d ", inductance_values[1]);
   20   1          LCD_ShowStr_16(0, 3, txt, u16_RED_IPS, u16_BLACK);
   21   1          
   22   1          sprintf(txt, "M:%03d ", inductance_values[2]);
   23   1          LCD_ShowStr_16(0, 4, txt, u16_RED_IPS, u16_BLACK);
   24   1          
   25   1          sprintf(txt, "R2:%03d ", inductance_values[4]);
   26   1          LCD_ShowStr_16(0, 5, txt, u16_RED_IPS, u16_BLACK);
   27   1          
   28   1          sprintf(txt, "R1:%03d ", inductance_values[3]);
   29   1          LCD_ShowStr_16(0, 6, txt, u16_RED_IPS, u16_BLACK);
   30   1      }
   31          


Module Information          Static   Overlayable
------------------------------------------------
  code size            =       262     ------
  ecode size           =    ------     ------
  data size            =    ------     ------
  idata size           =    ------     ------
  pdata size           =    ------     ------
  xdata size           =    ------     ------
  xdata-const size     =    ------     ------
  edata size           =        34     ------
  bit size             =    ------     ------
  ebit size            =    ------     ------
  bitaddressable size  =    ------     ------
  ebitaddressable size =    ------     ------
  far data size        =    ------     ------
  huge data size       =    ------     ------
  const size           =    ------     ------
  hconst size          =        44     ------
End of Module Information.


C251 COMPILATION COMPLETE.  0 WARNING(S),  0 ERROR(S)
