C251 COMPILER V5.60.0,  LQ_UTM                                                             16/04/26  19:10:20  PAGE 1   


C251 COMPILER V5.60.0, COMPILATION OF MODULE LQ_UTM
OBJECT MODULE PLACED IN .\OBJ_Out\LQ_UTM.obj
COMPILER INVOKED BY: F:\Keil_v5\C251\BIN\C251.EXE ..\LQ_LIB\Src\LQ_UTM.c XSMALL OA UNSIGNED_CHAR FLOAT64 BROWSE INCDIR(.
                    -.\LQ_APP\Inc;..\LQ_APP\Src;..\Driver;..\Driver\Inc;..\User;..\LQ_LIB\Inc;..\User_Code;..\control) DEFINE(AI8051U_32Bit) 
                    -DEBUG PRINT(.\OBJ_Out\LQ_UTM.lst) TABS(2) OBJECT(.\OBJ_Out\LQ_UTM.obj) 

stmt  level    source

    1          #include "include.h"
    2          
    3          #include "LQ_UTM.h"
    4          #include "LQ_BDGPS.h"
    5          
    6          double rad(double _d) {
    7   1          return _d * PI / 180.0;
    8   1      }
    9          
   10          int get_zone(double lon)
   11          {
   12   1          int zone = (int)floor((lon + 180.0) / 6.0) + 1;
   13   1          if (zone < 1) zone = 1;
   14   1          if (zone > 60) zone = 60;
   15   1          return zone;
   16   1      }
   17          
   18          struct UTM latlon2utm(struct Point _p) 
   19          {
   20   1          double _a = 6378137.0;              // WGS84哭헷낀곕菉
   21   1          double _f = 1.0 / 298.257223563;    // WGS84哭헷기쪽
   22   1          double k0 = 0.9996;                 // UTM尻緞깃硫李鍵궐
   23   1          double lon0, _x0, _y0, _e, _e2, _n, _t, _c, _A, _M;   //苟뺍窟츱츰，긁출俚캡宅셍닸포路츰
   24   1          int zone;
   25   1          struct UTM utm;
   26   1          
   27   1          zone = get_zone(_p.lon);
   28   1          lon0 = (zone - 1) * 6 - 180 + 3;
   29   1          _x0 = 500000.0;
   30   1          _y0 = _p.lat >= 0 ? 0 : 10000000.0;
   31   1      
   32   1          _e = sqrt(_f * (2 - _f));
   33   1          _e2 = _e * _e;                                                              //늪뇹賈痰，8051U돨TPFU袒
             -숭힛실변鑒속醵
   34   1          _n = _a / sqrt(1 - _e2 * sin(rad(_p.lat)) * sin(rad(_p.lat)));
   35   1          _t = tan(rad(_p.lat)) * tan(rad(_p.lat));
   36   1          _c = _e2 * cos(rad(_p.lat)) * cos(rad(_p.lat));
   37   1          _A = cos(rad(_p.lat)) * (rad(_p.lon) - rad(lon0));
   38   1          _M = _a * ((1 - _e2 / 4 - 3 * _e2 * _e2 / 64 - 5 * _e2 * _e2 * _e2 / 256) * rad(_p.lat)
   39   1                  - (3 * _e2 / 8 + 3 * _e2 * _e2 / 32 + 45 * _e2 * _e2 * _e2 / 1024) * sin(2 * rad(_p.lat))
   40   1                  + (15 * _e2 * _e2 / 256 + 45 * _e2 * _e2 * _e2 / 1024) * sin(4 * rad(_p.lat))
   41   1                  - (35 * _e2 * _e2 * _e2 / 3072) * sin(6 * rad(_p.lat)));
   42   1      
   43   1      
   44   1          utm.zone = zone;
   45   1          utm.ux = k0 * _n * (_A + (1 - _t + _c) * _A * _A * _A / 6
   46   1                           + (5 - 18 * _t + _t * _t + 72 * _c - 58 * _e2) * _A * _A * _A * _A * _A / 120)
   47   1                  + _x0;
   48   1          utm.uy = k0 * (_M + _n * tan(rad(_p.lat)) * (_A * _A / 2
   49   1                    + (5 - _t + 9 * _c + 4 * _c * _c) * _A * _A * _A * _A / 24
   50   1                    + (61 - 58 * _t + _t * _t + 600 * _c - 330 * _e2) * _A * _A * _A * _A * _A * _A / 720));
   51   1      
   52   1          if (_p.lat < 0) {
   53   2              utm.uy += 10000000.0;
   54   2          }
   55   1      
   56   1          return utm;
C251 COMPILER V5.60.0,  LQ_UTM                                                             16/04/26  19:10:20  PAGE 2   

   57   1      }
   58          
   59          


Module Information          Static   Overlayable
------------------------------------------------
  code size            =      2034     ------
  ecode size           =    ------     ------
  data size            =    ------     ------
  idata size           =    ------     ------
  pdata size           =    ------     ------
  xdata size           =    ------     ------
  xdata-const size     =    ------     ------
  edata size           =    ------        116
  bit size             =    ------     ------
  ebit size            =    ------     ------
  bitaddressable size  =    ------     ------
  ebitaddressable size =    ------     ------
  far data size        =    ------     ------
  huge data size       =    ------     ------
  const size           =    ------     ------
  hconst size          =    ------     ------
End of Module Information.


C251 COMPILATION COMPLETE.  0 WARNING(S),  0 ERROR(S)
