C251 COMPILER V5.60.0,  AI8051U_GPIO                                                       16/03/26  17:16:15  PAGE 1   


C251 COMPILER V5.60.0, COMPILATION OF MODULE AI8051U_GPIO
OBJECT MODULE PLACED IN .\OBJ_Out\AI8051U_GPIO.obj
COMPILER INVOKED BY: F:\Keil_v5\C251\BIN\C251.EXE ..\Driver\Src\AI8051U_GPIO.c LARGE UNSIGNED_CHAR FLOAT64 BROWSE INCDIR
                    -(..\Driver\Inc;..\LQ_LIB\Inc;..\User;..\CODE) DEFINE(AI8051U_32Bit) DEBUG PRINT(.\OBJ_Out\AI8051U_GPIO.lst) TABS(2) OBJE
                    -CT(.\OBJ_Out\AI8051U_GPIO.obj) 

stmt  level    source

    1          /*---------------------------------------------------------------------*/
    2          /* ------------------- Web: www.STCAI.com -----------------------------*/
    3          /*---------------------------------------------------------------------*/
    4          
    5          #include  "AI8051U_GPIO.h"
    6          
    7          //========================================================================
    8          // 函数: u8 GPIO_Inilize(u8 GPIO, GPIO_InitTypeDef *GPIOx)
    9          // 描述: 初始化IO口.
   10          // 参数: GPIOx: 结构参数,请参考头文件里的定义.
   11          // 返回: 成功返回 SUCCESS, 错误返回 FAIL.
   12          // 版本: V1.0, 2012-10-22
   13          //========================================================================
   14          u8  GPIO_Inilize(u8 GPIO, GPIO_InitTypeDef *GPIOx)
   15          {
   16   1        if(GPIO > GPIO_P7)        return FAIL;  //错误
   17   1        if(GPIOx->Mode > GPIO_OUT_PP) return FAIL;  //错误
   18   1        if(GPIO == GPIO_P0)
   19   1        {
   20   2          if(GPIOx->Mode == GPIO_PullUp)    P0M1 &= ~GPIOx->Pin,  P0M0 &= ~GPIOx->Pin;   //上拉准双向口 00
   21   2          if(GPIOx->Mode == GPIO_HighZ)   P0M1 |=  GPIOx->Pin,  P0M0 &= ~GPIOx->Pin;   //浮空输入     10
   22   2          if(GPIOx->Mode == GPIO_OUT_OD)    P0M1 |=  GPIOx->Pin,  P0M0 |=  GPIOx->Pin;   //开漏输出     11
   23   2          if(GPIOx->Mode == GPIO_OUT_PP)    P0M1 &= ~GPIOx->Pin,  P0M0 |=  GPIOx->Pin;   //推挽输出     01
   24   2        }
   25   1        if(GPIO == GPIO_P1)
   26   1        {
   27   2          if(GPIOx->Mode == GPIO_PullUp)    P1M1 &= ~GPIOx->Pin,  P1M0 &= ~GPIOx->Pin;   //上拉准双向口
   28   2          if(GPIOx->Mode == GPIO_HighZ)   P1M1 |=  GPIOx->Pin,  P1M0 &= ~GPIOx->Pin;   //浮空输入
   29   2          if(GPIOx->Mode == GPIO_OUT_OD)    P1M1 |=  GPIOx->Pin,  P1M0 |=  GPIOx->Pin;   //开漏输出
   30   2          if(GPIOx->Mode == GPIO_OUT_PP)    P1M1 &= ~GPIOx->Pin,  P1M0 |=  GPIOx->Pin;   //推挽输出
   31   2        }
   32   1        if(GPIO == GPIO_P2)
   33   1        {
   34   2          if(GPIOx->Mode == GPIO_PullUp)    P2M1 &= ~GPIOx->Pin,  P2M0 &= ~GPIOx->Pin;   //上拉准双向口
   35   2          if(GPIOx->Mode == GPIO_HighZ)   P2M1 |=  GPIOx->Pin,  P2M0 &= ~GPIOx->Pin;   //浮空输入
   36   2          if(GPIOx->Mode == GPIO_OUT_OD)    P2M1 |=  GPIOx->Pin,  P2M0 |=  GPIOx->Pin;   //开漏输出
   37   2          if(GPIOx->Mode == GPIO_OUT_PP)    P2M1 &= ~GPIOx->Pin,  P2M0 |=  GPIOx->Pin;   //推挽输出
   38   2        }
   39   1        if(GPIO == GPIO_P3)
   40   1        {
   41   2          if(GPIOx->Mode == GPIO_PullUp)    P3M1 &= ~GPIOx->Pin,  P3M0 &= ~GPIOx->Pin;   //上拉准双向口
   42   2          if(GPIOx->Mode == GPIO_HighZ)   P3M1 |=  GPIOx->Pin,  P3M0 &= ~GPIOx->Pin;   //浮空输入
   43   2          if(GPIOx->Mode == GPIO_OUT_OD)    P3M1 |=  GPIOx->Pin,  P3M0 |=  GPIOx->Pin;   //开漏输出
   44   2          if(GPIOx->Mode == GPIO_OUT_PP)    P3M1 &= ~GPIOx->Pin,  P3M0 |=  GPIOx->Pin;   //推挽输出
   45   2        }
   46   1        if(GPIO == GPIO_P4)
   47   1        {
   48   2          if(GPIOx->Mode == GPIO_PullUp)    P4M1 &= ~GPIOx->Pin,  P4M0 &= ~GPIOx->Pin;   //上拉准双向口
   49   2          if(GPIOx->Mode == GPIO_HighZ)   P4M1 |=  GPIOx->Pin,  P4M0 &= ~GPIOx->Pin;   //浮空输入
   50   2          if(GPIOx->Mode == GPIO_OUT_OD)    P4M1 |=  GPIOx->Pin,  P4M0 |=  GPIOx->Pin;   //开漏输出
   51   2          if(GPIOx->Mode == GPIO_OUT_PP)    P4M1 &= ~GPIOx->Pin,  P4M0 |=  GPIOx->Pin;   //推挽输出
   52   2        }
   53   1        if(GPIO == GPIO_P5)
   54   1        {
   55   2          if(GPIOx->Mode == GPIO_PullUp)    P5M1 &= ~GPIOx->Pin,  P5M0 &= ~GPIOx->Pin;   //上拉准双向口
   56   2          if(GPIOx->Mode == GPIO_HighZ)   P5M1 |=  GPIOx->Pin,  P5M0 &= ~GPIOx->Pin;   //浮空输入
   57   2          if(GPIOx->Mode == GPIO_OUT_OD)    P5M1 |=  GPIOx->Pin,  P5M0 |=  GPIOx->Pin;   //开漏输出
C251 COMPILER V5.60.0,  AI8051U_GPIO                                                       16/03/26  17:16:15  PAGE 2   

   58   2          if(GPIOx->Mode == GPIO_OUT_PP)    P5M1 &= ~GPIOx->Pin,  P5M0 |=  GPIOx->Pin;   //推挽输出
   59   2        }
   60   1        if(GPIO == GPIO_P6)
   61   1        {
   62   2          if(GPIOx->Mode == GPIO_PullUp)    P6M1 &= ~GPIOx->Pin,  P6M0 &= ~GPIOx->Pin;   //上拉准双向口
   63   2          if(GPIOx->Mode == GPIO_HighZ)   P6M1 |=  GPIOx->Pin,  P6M0 &= ~GPIOx->Pin;   //浮空输入
   64   2          if(GPIOx->Mode == GPIO_OUT_OD)    P6M1 |=  GPIOx->Pin,  P6M0 |=  GPIOx->Pin;   //开漏输出
   65   2          if(GPIOx->Mode == GPIO_OUT_PP)    P6M1 &= ~GPIOx->Pin,  P6M0 |=  GPIOx->Pin;   //推挽输出
   66   2        }
   67   1        if(GPIO == GPIO_P7)
   68   1        {
   69   2          if(GPIOx->Mode == GPIO_PullUp)    P7M1 &= ~GPIOx->Pin,  P7M0 &= ~GPIOx->Pin;   //上拉准双向口
   70   2          if(GPIOx->Mode == GPIO_HighZ)   P7M1 |=  GPIOx->Pin,  P7M0 &= ~GPIOx->Pin;   //浮空输入
   71   2          if(GPIOx->Mode == GPIO_OUT_OD)    P7M1 |=  GPIOx->Pin,  P7M0 |=  GPIOx->Pin;   //开漏输出
   72   2          if(GPIOx->Mode == GPIO_OUT_PP)    P7M1 &= ~GPIOx->Pin,  P7M0 |=  GPIOx->Pin;   //推挽输出
   73   2        }
   74   1        return SUCCESS; //成功
   75   1      }


Module Information          Static   Overlayable
------------------------------------------------
  code size            =       598     ------
  ecode size           =    ------     ------
  data size            =    ------     ------
  idata size           =    ------     ------
  pdata size           =    ------     ------
  xdata size           =    ------     ------
  xdata-const size     =    ------     ------
  edata size           =    ------     ------
  bit size             =    ------     ------
  ebit size            =    ------     ------
  bitaddressable size  =    ------     ------
  ebitaddressable size =    ------     ------
  far data size        =    ------     ------
  huge data size       =    ------     ------
  const size           =    ------     ------
  hconst size          =    ------     ------
End of Module Information.


C251 COMPILATION COMPLETE.  0 WARNING(S),  0 ERROR(S)
